2024.06.16 12:05:00 INFO  Started: Metals version 1.3.1 in folders 'C:\Users\USER\Downloads\Scala-Lab-session-1' for client Visual Studio Code 1.90.1.
SLF4J(W): Class path contains multiple SLF4J providers.
SLF4J(W): Found provider [scribe.slf4j.ScribeServiceProvider@58a2c7fa]
SLF4J(W): Found provider [ch.qos.logback.classic.spi.LogbackServiceProvider@4c85a40d]
SLF4J(W): See https://www.slf4j.org/codes.html#multiple_bindings for an explanation.
SLF4J(I): Actual provider is of type [scribe.slf4j.ScribeServiceProvider@58a2c7fa]
2024.06.16 12:05:00 WARN  Flyway upgrade recommended: H2 2.2.224 is newer than this version of Flyway and support has not been tested. The latest supported version of H2 is 2.2.220.
2024.06.16 12:05:01 INFO  no build target found for C:\Users\USER\Downloads\Scala-Lab-session-1\Main.scala. Using presentation compiler with project's scala-library version: 3.3.3
2024.06.16 12:05:02 INFO  no build target found for C:\Users\USER\Downloads\Scala-Lab-session-1\Main.scala. Using presentation compiler with project's scala-library version: 3.3.3
Jun 16, 2024 12:05:02 PM org.eclipse.lsp4j.jsonrpc.RemoteEndpoint handleCancellation
WARNING: Unmatched cancel notification for request id 2
2024.06.16 12:05:03 INFO  no build target found for C:\Users\USER\Downloads\Scala-Lab-session-1\Main.scala. Using presentation compiler with project's scala-library version: 3.3.3
2024.06.16 12:05:02 INFO  no build target found for C:\Users\USER\Downloads\Scala-Lab-session-1\Main.scala. Using presentation compiler with project's scala-library version: 3.3.3
Jun 16, 2024 12:05:05 PM org.eclipse.lsp4j.jsonrpc.RemoteEndpoint handleCancellation
WARNING: Unmatched cancel notification for request id 5
Jun 16, 2024 12:05:05 PM org.eclipse.lsp4j.jsonrpc.RemoteEndpoint handleCancellation
WARNING: Unmatched cancel notification for request id 7
2024.06.16 12:05:08 INFO  Running List(C:\Users\USER\AppData\Local\Coursier\data\bin\scala-cli.BAT, setup-ide, C:\Users\USER\Downloads\Scala-Lab-session-1)
2024.06.16 12:05:08 INFO  Attempting to connect to the build server...
2024.06.16 12:05:08 INFO  Running BSP server List(C:\Users\USER\AppData\Local\Coursier\data\bin\.scala-cli.aux.exe, bsp, --json-options, C:\Users\USER\Downloads\Scala-Lab-session-1\.scala-build\ide-options-v2.json, --json-launcher-options, C:\Users\USER\Downloads\Scala-Lab-session-1\.scala-build\ide-launcher-options.json, --envs-file, C:\Users\USER\Downloads\Scala-Lab-session-1\.scala-build\ide-envs.json, C:\Users\USER\Downloads\Scala-Lab-session-1)
2024.06.16 12:05:08 INFO  tracing is disabled for protocol BSP, to enable tracing of incoming and outgoing JSON messages create an empty file at C:\Users\USER\Downloads\Scala-Lab-session-1\.metals\bsp.trace.json or C:\Users\USER\AppData\Local\scalameta\metals\cache\bsp.trace.json
2024.06.16 12:05:11 INFO  time: Connected to build server in 2.48s
2024.06.16 12:05:11 INFO  Connected to Build server: scala-cli v1.3.2
2024.06.16 12:05:11 INFO  time: Imported build in 0.11s
2024.06.16 12:05:11 INFO  compiling scala-lab-session-1_f4dd477a3a (1 scala source)
2024.06.16 12:05:11 WARN  there was 1 deprecation warning; re-run with -deprecation for details
2024.06.16 12:05:11 INFO  time: compiled Scala-Lab-session-1_f4dd477a3a in 0.86s
2024.06.16 12:05:14 INFO  time: indexed workspace in 2.92s
2024.06.16 12:06:55 INFO  compiling scala-lab-session-1_f4dd477a3a (1 scala source)
2024.06.16 12:06:55 INFO  time: compiled Scala-Lab-session-1_f4dd477a3a in 0.47s
2024.06.16 12:21:52 INFO  Shutting down server
2024.06.16 12:21:52 INFO  shutting down Metals
2024.06.16 12:21:52 INFO  Shut down connection with build server.
2024.06.16 12:21:52 INFO  Exiting server
